{"/Users/mariusronning/Documents/Repos/social-media-client/example.js": {"path":"/Users/mariusronning/Documents/Repos/social-media-client/example.js","statementMap":{"0":{"start":{"line":3,"column":2},"end":{"line":3,"column":15}},"1":{"start":{"line":6,"column":0},"end":{"line":6,"column":21}}},"fnMap":{"0":{"name":"add","decl":{"start":{"line":2,"column":9},"end":{"line":2,"column":12}},"loc":{"start":{"line":2,"column":19},"end":{"line":4,"column":1}},"line":2}},"branchMap":{},"s":{"0":1,"1":1},"f":{"0":1},"b":{},"_coverageSchema":"1a1c01bbd47fc00a2c39e90264f33305004495a9","hash":"a1d5a8504ce78b2d0e0bbb728cb9b4e4df2b04ce"}
,"/Users/mariusronning/Documents/Repos/social-media-client/src/js/api/constants.js": {"path":"/Users/mariusronning/Documents/Repos/social-media-client/src/js/api/constants.js","statementMap":{"0":{"start":{"line":1,"column":22},"end":{"line":1,"column":67}},"1":{"start":{"line":2,"column":23},"end":{"line":2,"column":40}}},"fnMap":{},"branchMap":{},"s":{"0":1,"1":1},"f":{},"b":{},"_coverageSchema":"1a1c01bbd47fc00a2c39e90264f33305004495a9","hash":"84c79cab490917ac2cf74740490f505b997a6d66"}
,"/Users/mariusronning/Documents/Repos/social-media-client/src/js/api/headers.js": {"path":"/Users/mariusronning/Documents/Repos/social-media-client/src/js/api/headers.js","statementMap":{"0":{"start":{"line":3,"column":23},"end":{"line":16,"column":1}},"1":{"start":{"line":4,"column":15},"end":{"line":4,"column":36}},"2":{"start":{"line":5,"column":17},"end":{"line":5,"column":19}},"3":{"start":{"line":7,"column":1},"end":{"line":9,"column":2}},"4":{"start":{"line":8,"column":2},"end":{"line":8,"column":40}},"5":{"start":{"line":11,"column":1},"end":{"line":13,"column":2}},"6":{"start":{"line":12,"column":2},"end":{"line":12,"column":44}},"7":{"start":{"line":15,"column":1},"end":{"line":15,"column":16}}},"fnMap":{"0":{"name":"(anonymous_0)","decl":{"start":{"line":3,"column":23},"end":{"line":3,"column":24}},"loc":{"start":{"line":3,"column":40},"end":{"line":16,"column":1}},"line":3}},"branchMap":{"0":{"loc":{"start":{"line":7,"column":1},"end":{"line":9,"column":2}},"type":"if","locations":[{"start":{"line":7,"column":1},"end":{"line":9,"column":2}},{"start":{},"end":{}}],"line":7},"1":{"loc":{"start":{"line":11,"column":1},"end":{"line":13,"column":2}},"type":"if","locations":[{"start":{"line":11,"column":1},"end":{"line":13,"column":2}},{"start":{},"end":{}}],"line":11}},"s":{"0":1,"1":1,"2":1,"3":1,"4":1,"5":1,"6":0,"7":1},"f":{"0":1},"b":{"0":[1,0],"1":[0,1]},"_coverageSchema":"1a1c01bbd47fc00a2c39e90264f33305004495a9","hash":"c5866e67cc6b1752c662cd3c4c5c598ae1625b42"}
,"/Users/mariusronning/Documents/Repos/social-media-client/src/js/api/auth/login.js": {"path":"/Users/mariusronning/Documents/Repos/social-media-client/src/js/api/auth/login.js","statementMap":{"0":{"start":{"line":6,"column":18},"end":{"line":10,"column":3}},"1":{"start":{"line":12,"column":1},"end":{"line":18,"column":2}},"2":{"start":{"line":13,"column":18},"end":{"line":13,"column":39}},"3":{"start":{"line":14,"column":2},"end":{"line":14,"column":37}},"4":{"start":{"line":15,"column":2},"end":{"line":15,"column":29}},"5":{"start":{"line":16,"column":2},"end":{"line":16,"column":27}},"6":{"start":{"line":17,"column":2},"end":{"line":17,"column":17}},"7":{"start":{"line":20,"column":1},"end":{"line":20,"column":38}}},"fnMap":{"0":{"name":"login","decl":{"start":{"line":5,"column":22},"end":{"line":5,"column":27}},"loc":{"start":{"line":5,"column":45},"end":{"line":21,"column":1}},"line":5}},"branchMap":{"0":{"loc":{"start":{"line":12,"column":1},"end":{"line":18,"column":2}},"type":"if","locations":[{"start":{"line":12,"column":1},"end":{"line":18,"column":2}},{"start":{},"end":{}}],"line":12}},"s":{"0":1,"1":1,"2":1,"3":1,"4":1,"5":1,"6":1,"7":0},"f":{"0":1},"b":{"0":[1,0]},"_coverageSchema":"1a1c01bbd47fc00a2c39e90264f33305004495a9","hash":"48ee21b89bd858a4c74dd30e45f4761d0b6dcc10"}
,"/Users/mariusronning/Documents/Repos/social-media-client/src/js/storage/index.js": {"path":"/Users/mariusronning/Documents/Repos/social-media-client/src/js/storage/index.js","statementMap":{},"fnMap":{},"branchMap":{},"s":{},"f":{},"b":{},"_coverageSchema":"1a1c01bbd47fc00a2c39e90264f33305004495a9","hash":"b4c540533c95f0ce7f1194fd225ec5e11990773d"}
,"/Users/mariusronning/Documents/Repos/social-media-client/src/js/storage/load.js": {"path":"/Users/mariusronning/Documents/Repos/social-media-client/src/js/storage/load.js","statementMap":{"0":{"start":{"line":1,"column":20},"end":{"line":7,"column":1}},"1":{"start":{"line":2,"column":1},"end":{"line":6,"column":2}},"2":{"start":{"line":3,"column":2},"end":{"line":3,"column":47}},"3":{"start":{"line":5,"column":2},"end":{"line":5,"column":14}}},"fnMap":{"0":{"name":"(anonymous_0)","decl":{"start":{"line":1,"column":20},"end":{"line":1,"column":21}},"loc":{"start":{"line":1,"column":29},"end":{"line":7,"column":1}},"line":1}},"branchMap":{},"s":{"0":1,"1":0,"2":0,"3":0},"f":{"0":0},"b":{},"_coverageSchema":"1a1c01bbd47fc00a2c39e90264f33305004495a9","hash":"6a5e4d81c279a5936000a9292dc0d6993c10106d"}
,"/Users/mariusronning/Documents/Repos/social-media-client/src/js/storage/remove.js": {"path":"/Users/mariusronning/Documents/Repos/social-media-client/src/js/storage/remove.js","statementMap":{"0":{"start":{"line":1,"column":22},"end":{"line":1,"column":59}},"1":{"start":{"line":1,"column":31},"end":{"line":1,"column":59}}},"fnMap":{"0":{"name":"(anonymous_0)","decl":{"start":{"line":1,"column":22},"end":{"line":1,"column":23}},"loc":{"start":{"line":1,"column":31},"end":{"line":1,"column":59}},"line":1}},"branchMap":{},"s":{"0":1,"1":0},"f":{"0":0},"b":{},"_coverageSchema":"1a1c01bbd47fc00a2c39e90264f33305004495a9","hash":"b54477e56ac7646b89e1e8a4f6c391098c97aefd"}
,"/Users/mariusronning/Documents/Repos/social-media-client/src/js/storage/save.js": {"path":"/Users/mariusronning/Documents/Repos/social-media-client/src/js/storage/save.js","statementMap":{"0":{"start":{"line":1,"column":20},"end":{"line":3,"column":1}},"1":{"start":{"line":2,"column":1},"end":{"line":2,"column":50}}},"fnMap":{"0":{"name":"(anonymous_0)","decl":{"start":{"line":1,"column":20},"end":{"line":1,"column":21}},"loc":{"start":{"line":1,"column":36},"end":{"line":3,"column":1}},"line":1}},"branchMap":{},"s":{"0":1,"1":0},"f":{"0":0},"b":{},"_coverageSchema":"1a1c01bbd47fc00a2c39e90264f33305004495a9","hash":"637b7b80675283232733f915137bcad5b370efbb"}
}
